TN:
SF:controllers\paymentController.js
FN:6,createPaymentIntent
FN:32,handleWebhook
FNF:2
FNH:1
FNDA:2,createPaymentIntent
FNDA:0,handleWebhook
DA:1,1
DA:2,1
DA:3,1
DA:4,1
DA:5,1
DA:6,1
DA:7,2
DA:8,2
DA:9,2
DA:10,2
DA:11,1
DA:12,1
DA:13,1
DA:14,2
DA:15,0
DA:16,0
DA:17,1
DA:18,1
DA:19,1
DA:20,1
DA:21,1
DA:22,1
DA:23,1
DA:24,1
DA:25,1
DA:26,1
DA:27,2
DA:28,0
DA:29,0
DA:30,2
DA:31,1
DA:32,1
DA:33,0
DA:34,0
DA:35,0
DA:36,0
DA:37,0
DA:38,0
DA:39,1
DA:40,1
LF:40
LH:30
BRDA:6,0,0,2
BRDA:10,1,0,1
BRDA:10,2,0,1
BRDA:10,3,0,1
BRDA:14,4,0,0
BRDA:16,5,0,1
BRDA:27,6,0,0
BRF:7
BRH:5
end_of_record
TN:
SF:routes\paymentRoutes.js
FNF:0
FNH:0
DA:1,1
DA:2,1
DA:3,1
DA:4,1
DA:5,1
DA:6,1
DA:7,1
DA:8,1
LF:8
LH:8
BRF:0
BRH:0
end_of_record
